<?xml version="1.0" encoding="UTF-8"?>
<testsuite xmlns:xsi="http://www.w3.org/2001/XMLSchema-instance" xsi:noNamespaceSchemaLocation="https://maven.apache.org/surefire/maven-surefire-plugin/xsd/surefire-test-report.xsd" version="3.0.2" name="com.vzurauskas.sturdystore.JooqStoreTest" time="0.216" tests="3" errors="0" skipped="0" failures="0">
  <properties>
[...]
</properties>
  <testcase name="findsOne" classname="com.vzurauskas.sturdystore.JooqStoreTest" time="0.206"/>
  <testcase name="findsByMultipleConditions" classname="com.vzurauskas.sturdystore.JooqStoreTest" time="0.002"/>
  <testcase name="findsMultiple" classname="com.vzurauskas.sturdystore.JooqStoreTest" time="0.001"/>
</testsuite>